2023-08-25 11:59:38,308 # Raw Public Key certificate found and parsed
2023-08-25 11:59:38,364 # connecting to server...
2023-08-25 11:59:38,446 # udp: send size: 214
2023-08-25 11:59:38,459 # connect state: CLIENT_HELLO_SENT
2023-08-25 11:59:38,530 # udp: receive size: 152
2023-08-25 11:59:38,549 # processing server hello
2023-08-25 11:59:38,580 # connect state: HELLO_AGAIN
2023-08-25 11:59:38,641 # udp: send size: 287
2023-08-25 11:59:38,654 # connect state: HELLO_AGAIN_REPLY
2023-08-25 11:59:38,831 # udp: receive size: 152
2023-08-25 11:59:38,850 # processing server hello
2023-08-25 11:59:38,941 # udp: receive size: 49
2023-08-25 11:59:38,990 # processing encrypted extensions
2023-08-25 11:59:39,005 # udp: receive size: 142
2023-08-25 11:59:39,053 # processing certificate
2023-08-25 11:59:39,075 # Raw Public Key certificate found and parsed
2023-08-25 11:59:39,096 # udp: receive size: 116
2023-08-25 11:59:39,144 # udp: receive size: 74
2023-08-25 11:59:39,161 # processing certificate verify
2023-08-25 11:59:39,244 # processing finished
2023-08-25 11:59:39,286 # connect state: FIRST_REPLY_DONE
2023-08-25 11:59:39,289 # connect state: FIRST_REPLY_FIRST
2023-08-25 11:59:39,292 # connect state: FIRST_REPLY_SECOND
2023-08-25 11:59:39,295 # connect state: FIRST_REPLY_THIRD
2023-08-25 11:59:39,298 # connect state: FIRST_REPLY_FOURTH
2023-08-25 11:59:39,331 # udp: send size: 74
2023-08-25 11:59:39,354 # connect state: WAIT_FINISHED_ACK
2023-08-25 11:59:39,420 # udp: receive size: 48
2023-08-25 11:59:39,436 # connect state: FINISHED_DONE
2023-08-25 11:59:39,447 # DTLS: end handshake ok.
